<?xml version="1.0" encoding="UTF-8"?>
<testng-results ignored="0" total="8" passed="7" failed="1" skipped="0">
  <reporter-output>
  </reporter-output>
  <suite started-at="2020-08-01T18:11:55Z" name="Default suite" finished-at="2020-08-01T18:11:55Z" duration-ms="114">
    <groups>
    </groups>
    <test started-at="2020-08-01T18:11:55Z" name="Default test" finished-at="2020-08-01T18:11:55Z" duration-ms="114">
      <class name="demointegration.INtegration">
        <test-method signature="div()[pri:0, instance:demointegration.INtegration@729d991e]" started-at="2020-08-01T18:11:55Z" name="div" finished-at="2020-08-01T18:11:55Z" duration-ms="35" status="PASS">
          <reporter-output>
          </reporter-output>
        </test-method> <!-- div -->
        <test-method signature="dive()[pri:0, instance:demointegration.INtegration@729d991e]" started-at="2020-08-01T18:11:55Z" name="dive" finished-at="2020-08-01T18:11:55Z" duration-ms="2" status="PASS">
          <reporter-output>
          </reporter-output>
        </test-method> <!-- dive -->
        <test-method signature="multi()[pri:0, instance:demointegration.INtegration@729d991e]" started-at="2020-08-01T18:11:55Z" name="multi" finished-at="2020-08-01T18:11:55Z" duration-ms="1" status="PASS">
          <reporter-output>
          </reporter-output>
        </test-method> <!-- multi -->
        <test-method signature="multi2()[pri:0, instance:demointegration.INtegration@729d991e]" started-at="2020-08-01T18:11:55Z" name="multi2" finished-at="2020-08-01T18:11:55Z" duration-ms="2" status="PASS">
          <reporter-output>
          </reporter-output>
        </test-method> <!-- multi2 -->
        <test-method signature="multi3()[pri:0, instance:demointegration.INtegration@729d991e]" started-at="2020-08-01T18:11:55Z" name="multi3" finished-at="2020-08-01T18:11:55Z" duration-ms="1" status="PASS">
          <reporter-output>
          </reporter-output>
        </test-method> <!-- multi3 -->
        <test-method signature="multi4()[pri:0, instance:demointegration.INtegration@729d991e]" started-at="2020-08-01T18:11:55Z" name="multi4" finished-at="2020-08-01T18:11:55Z" duration-ms="2" status="PASS">
          <reporter-output>
          </reporter-output>
        </test-method> <!-- multi4 -->
        <test-method signature="substract()[pri:0, instance:demointegration.INtegration@729d991e]" started-at="2020-08-01T18:11:55Z" name="substract" finished-at="2020-08-01T18:11:55Z" duration-ms="3" status="PASS">
          <reporter-output>
          </reporter-output>
        </test-method> <!-- substract -->
        <test-method signature="sum()[pri:0, instance:demointegration.INtegration@729d991e]" started-at="2020-08-01T18:11:55Z" name="sum" finished-at="2020-08-01T18:11:55Z" duration-ms="4" status="FAIL">
          <exception class="java.lang.AssertionError">
            <message>
              <![CDATA[expected [30] but found [330]]]>
            </message>
            <full-stacktrace>
              <![CDATA[java.lang.AssertionError: expected [30] but found [330]
at org.testng.Assert.fail(Assert.java:96)
at org.testng.Assert.failNotEquals(Assert.java:776)
at org.testng.Assert.assertEqualsImpl(Assert.java:137)
at org.testng.Assert.assertEquals(Assert.java:118)
at org.testng.Assert.assertEquals(Assert.java:652)
at org.testng.Assert.assertEquals(Assert.java:662)
at demointegration.INtegration.sum(INtegration.java:14)
at java.base/jdk.internal.reflect.NativeMethodAccessorImpl.invoke0(Native Method)
at java.base/jdk.internal.reflect.NativeMethodAccessorImpl.invoke(NativeMethodAccessorImpl.java:62)
at java.base/jdk.internal.reflect.DelegatingMethodAccessorImpl.invoke(DelegatingMethodAccessorImpl.java:43)
at java.base/java.lang.reflect.Method.invoke(Method.java:567)
at org.testng.internal.MethodInvocationHelper.invokeMethod(MethodInvocationHelper.java:124)
at org.testng.internal.Invoker.invokeMethod(Invoker.java:583)
at org.testng.internal.Invoker.invokeTestMethod(Invoker.java:719)
at org.testng.internal.Invoker.invokeTestMethods(Invoker.java:989)
at org.testng.internal.TestMethodWorker.invokeTestMethods(TestMethodWorker.java:125)
at org.testng.internal.TestMethodWorker.run(TestMethodWorker.java:109)
at org.testng.TestRunner.privateRun(TestRunner.java:648)
at org.testng.TestRunner.run(TestRunner.java:505)
at org.testng.SuiteRunner.runTest(SuiteRunner.java:455)
at org.testng.SuiteRunner.runSequentially(SuiteRunner.java:450)
at org.testng.SuiteRunner.privateRun(SuiteRunner.java:415)
at org.testng.SuiteRunner.run(SuiteRunner.java:364)
at org.testng.SuiteRunnerWorker.runSuite(SuiteRunnerWorker.java:52)
at org.testng.SuiteRunnerWorker.run(SuiteRunnerWorker.java:84)
at org.testng.TestNG.runSuitesSequentially(TestNG.java:1208)
at org.testng.TestNG.runSuitesLocally(TestNG.java:1137)
at org.testng.TestNG.runSuites(TestNG.java:1049)
at org.testng.TestNG.run(TestNG.java:1017)
at org.testng.remote.AbstractRemoteTestNG.run(AbstractRemoteTestNG.java:115)
at org.testng.remote.RemoteTestNG.initAndRun(RemoteTestNG.java:251)
at org.testng.remote.RemoteTestNG.main(RemoteTestNG.java:77)
]]>
            </full-stacktrace>
          </exception> <!-- java.lang.AssertionError -->
          <reporter-output>
          </reporter-output>
        </test-method> <!-- sum -->
      </class> <!-- demointegration.INtegration -->
    </test> <!-- Default test -->
  </suite> <!-- Default suite -->
</testng-results>
